<?xml version="1.0" encoding="UTF-8"?>
<!-- Generated by org.testng.reporters.JUnitXMLReporter -->
<testsuite hostname="yuanridandeMacBook-Pro.local" ignored="0" name="test1" tests="8" failures="3" timestamp="24 五月 2017 06:30:19 GMT" time="0.149" errors="0">
  <testcase name="t1" time="0.017" classname="testng.ITestListener.TestListenerExample"/>
  <testcase name="t2" time="0.001" classname="testng.ITestListener.TestListenerExample">
    <failure type="org.testng.TestException" message="
Method TestListenerExample.t2()[pri:0, instance:testng.ITestListener.TestListenerExample@9629756] should have thrown an exception of type class java.lang.RuntimeException">
      <![CDATA[org.testng.TestException: 
Method TestListenerExample.t2()[pri:0, instance:testng.ITestListener.TestListenerExample@9629756] should have thrown an exception of type class java.lang.RuntimeException
... Removed 22 stack frames]]>
    </failure>
  </testcase> <!-- t2 -->
  <testcase name="t3" time="0.0" classname="testng.ITestListener.TestListenerExample">
    <failure type="org.testng.TestNGException" message="
Cannot inject @Test annotated Method [t3] with [class java.lang.String].
For more information on native dependency injection please refer to http://testng.org/doc/documentation-main.html#native-dependency-injection">
      <![CDATA[org.testng.TestNGException: 
Cannot inject @Test annotated Method [t3] with [class java.lang.String].
For more information on native dependency injection please refer to http://testng.org/doc/documentation-main.html#native-dependency-injection
... Removed 24 stack frames]]>
    </failure>
  </testcase> <!-- t3 -->
  <testcase name="t4" time="0.005" classname="testng.ITestListener.TestListenerExample"/>
  <testcase name="t4" time="0.003" classname="testng.ITestListener.TestListenerExample">
    <failure type="java.lang.AssertionError" message="expected [10] but found [2]">
      <![CDATA[java.lang.AssertionError: expected [10] but found [2]
	at testng.ITestListener.TestListenerExample.t4(TestListenerExample.java:44)
... Removed 31 stack frames]]>
    </failure>
  </testcase> <!-- t4 -->
  <testcase name="t4" time="0.002" classname="testng.ITestListener.TestListenerExample"/>
  <testcase name="t4" time="0.016" classname="testng.ITestListener.TestListenerExample"/>
  <testcase name="t4" time="0.005" classname="testng.ITestListener.TestListenerExample"/>
</testsuite> <!-- test1 -->
