<!DOCTYPE html PUBLIC "-//W3C//DTD XHTML 1.1//EN" "http://www.w3.org/TR/xhtml11/DTD/xhtml11.dtd">
<html xmlns="http://www.w3.org/1999/xhtml"><head><title>TestNG Report</title><style type="text/css">table {margin-bottom:10px;border-collapse:collapse;empty-cells:show}th,td {border:1px solid #009;padding:.25em .5em}th {vertical-align:bottom}td {vertical-align:top}table a {font-weight:bold}.stripe td {background-color: #E6EBF9}.num {text-align:right}.passedodd td {background-color: #3F3}.passedeven td {background-color: #0A0}.skippedodd td {background-color: #DDD}.skippedeven td {background-color: #CCC}.failedodd td,.attn {background-color: #F33}.failedeven td,.stripe .attn {background-color: #D00}.stacktrace {white-space:pre;font-family:monospace}.totop {font-size:85%;text-align:center;border-bottom:2px solid #000}</style></head><body><table><tr><th>Test</th><th># Passed</th><th># Skipped</th><th># Failed</th><th>Time (ms)</th><th>Included Groups</th><th>Excluded Groups</th></tr><tr><th colspan="7">Suite1</th></tr><tr><td><a href="#t0">test1</a></td><td class="num">3</td><td class="num attn">1</td><td class="num">0</td><td class="num">68</td><td></td><td></td></tr><tr class="stripe"><td><a href="#t1">test2</a></td><td class="num">1</td><td class="num attn">1</td><td class="num attn">2</td><td class="num">17</td><td></td><td></td></tr><tr><th>Total</th><th class="num">4</th><th class="num attn">2</th><th class="num attn">2</th><th class="num">85</th><th colspan="2"></th></tr></table><table><thead><tr><th>Class</th><th>Method</th><th>Start</th><th>Time (ms)</th></tr></thead><tbody><tr><th colspan="4">Suite1</th></tr></tbody><tbody id="t0"><tr><th colspan="4">test1 &#8212; skipped</th></tr><tr class="skippedeven"><td rowspan="1">testng.ReporterListenerExample</td><td><a href="#m0">testAssert3</a></td><td rowspan="1">1496806483962</td><td rowspan="1">0</td></tr><tr><th colspan="4">test1 &#8212; passed</th></tr><tr class="passedeven"><td rowspan="3">testng.ReporterListenerExample</td><td><a href="#m1">testAssert1</a></td><td rowspan="2">1496806483925</td><td rowspan="2">23</td></tr><tr class="passedeven"><td><a href="#m2">testAssert1</a></td></tr><tr class="passedeven"><td><a href="#m3">testAssert2</a></td><td rowspan="1">1496806483957</td><td rowspan="1">2</td></tr></tbody><tbody id="t1"><tr><th colspan="4">test2 &#8212; failed</th></tr><tr class="failedeven"><td rowspan="2">testng.TestListenerExample</td><td><a href="#m4">t2</a></td><td rowspan="1">1496806489029</td><td rowspan="1">1</td></tr><tr class="failedeven"><td><a href="#m5">t4</a></td><td rowspan="1">1496806489035</td><td rowspan="1">1</td></tr><tr><th colspan="4">test2 &#8212; skipped</th></tr><tr class="skippedeven"><td rowspan="1">testng.TestListenerExample</td><td><a href="#m6">t3</a></td><td rowspan="1">1496806489033</td><td rowspan="1">0</td></tr><tr><th colspan="4">test2 &#8212; passed</th></tr><tr class="passedeven"><td rowspan="1">testng.TestListenerExample</td><td><a href="#m7">t1</a></td><td rowspan="1">1496806489026</td><td rowspan="1">2</td></tr></tbody></table><h2>test1</h2><h3 id="m0">testng.ReporterListenerExample#testAssert3</h3><table class="result"><tr><th>Exception</th></tr><tr><td><div class="stacktrace">org.testng.TestNGException: 
Method testAssert3 requires 1 parameters but 0 were supplied in the @Test annotation.
... Removed 23 stack frames</div></td></tr></table><p class="totop"><a href="#summary">back to summary</a></p><h3 id="m1">testng.ReporterListenerExample#testAssert1</h3><table class="result"><tr class="param"><th>Parameter #1</th></tr><tr class="param stripe"><td>1</td></tr></table><p class="totop"><a href="#summary">back to summary</a></p><h3 id="m2">testng.ReporterListenerExample#testAssert1</h3><table class="result"><tr class="param"><th>Parameter #1</th></tr><tr class="param stripe"><td>1</td></tr></table><p class="totop"><a href="#summary">back to summary</a></p><h3 id="m3">testng.ReporterListenerExample#testAssert2</h3><table class="result"></table><p class="totop"><a href="#summary">back to summary</a></p><h2>test2</h2><h3 id="m4">testng.TestListenerExample#t2</h3><table class="result"><tr><th>Exception</th></tr><tr><td><div class="stacktrace">org.testng.TestException: 
Method TestListenerExample.t2()[pri:0, instance:testng.TestListenerExample@5c7fa833] should have thrown an exception of type class java.lang.RuntimeException
... Removed 21 stack frames</div></td></tr></table><p class="totop"><a href="#summary">back to summary</a></p><h3 id="m5">testng.TestListenerExample#t4</h3><table class="result"><tr><th>Exception</th></tr><tr><td><div class="stacktrace">java.lang.RuntimeException: Some other message
	at testng.TestListenerExample.t4(TestListenerExample.java:43)
Caused by: java.lang.RuntimeException: Some message
	at testng.TestListenerExample.t4(TestListenerExample.java:42)
	... 24 more
Caused by: java.lang.RuntimeException: Some message
	at testng.TestListenerExample.t4(TestListenerExample.java:41)
	... 24 more
... Removed 24 stack frames</div></td></tr></table><p class="totop"><a href="#summary">back to summary</a></p><h3 id="m6">testng.TestListenerExample#t3</h3><table class="result"><tr><th>Exception</th></tr><tr><td><div class="stacktrace">org.testng.TestNGException: 
Method t3 requires 1 parameters but 0 were supplied in the @Test annotation.
... Removed 23 stack frames</div></td></tr></table><p class="totop"><a href="#summary">back to summary</a></p><h3 id="m7">testng.TestListenerExample#t1</h3><table class="result"><tr><th>Messages</th></tr><tr><td><div class="messages">Test yrd</div></td></tr></table><p class="totop"><a href="#summary">back to summary</a></p></body></html>